<?xml version="1.0" encoding="UTF-8"?>
<!-- Generated by org.testng.reporters.JUnitXMLReporter -->
<testsuite hostname="US-BK14RF2" ignored="0" name="Default test" tests="4" failures="0" timestamp="2020-06-04T13:14:48 CDT" time="15.066" errors="0">
  <testcase name="verifySignUpLinkTest" time="4.722" classname="com.qa.hubspot.tests.LoginPageTest"/>
  <testcase name="verifyGetLoginPagetitleTest" time="0.372" classname="com.qa.hubspot.tests.LoginPageTest"/>
  <testcase name="verifySignUpWithGoogleTest" time="0.642" classname="com.qa.hubspot.tests.LoginPageTest"/>
  <testcase name="verifyDoLoginTest" time="0.747" classname="com.qa.hubspot.tests.LoginPageTest"/>
</testsuite> <!-- Default test -->
