<?xml version="1.0" encoding="UTF-8"?>
<!-- Generated by org.testng.reporters.JUnitXMLReporter -->
<testsuite hostname="US-BK14RF2" ignored="0" name="login page test" tests="4" failures="0" timestamp="10 Jun 2020 14:31:42 GMT" time="12.959" errors="0">
  <testcase name="verifySignUpLinkTest" time="5.208" classname="com.qa.hubspot.tests.LoginPageTest"/>
  <testcase name="verifyGetLoginPagetitleTest" time="0.358" classname="com.qa.hubspot.tests.LoginPageTest"/>
  <testcase name="verifySignUpWithGoogleTest" time="0.278" classname="com.qa.hubspot.tests.LoginPageTest"/>
  <testcase name="verifyDoLoginTest" time="0.839" classname="com.qa.hubspot.tests.LoginPageTest"/>
</testsuite> <!-- login page test -->
