<?xml version="1.0" encoding="UTF-8"?>
<!-- Generated by org.testng.reporters.JUnitXMLReporter -->
<testsuite hostname="US-BK14RF2" name="login page test" tests="4" failures="0" timestamp="7 Jun 2020 12:26:40 GMT" time="12.738" errors="0">
  <testcase name="verifySignUpLinkTest" time="5.033" classname="com.qa.hubspot.tests.LoginPageTest"/>
  <testcase name="verifyGetLoginPagetitleTest" time="0.29" classname="com.qa.hubspot.tests.LoginPageTest"/>
  <testcase name="verifySignUpWithGoogleTest" time="0.332" classname="com.qa.hubspot.tests.LoginPageTest"/>
  <testcase name="verifyDoLoginTest" time="1.154" classname="com.qa.hubspot.tests.LoginPageTest"/>
</testsuite> <!-- login page test -->
