<?xml version="1.0" encoding="UTF-8"?>
<testng-results skipped="0" failed="0" ignored="0" total="4" passed="4">
  <reporter-output>
  </reporter-output>
  <suite name="Hub spot Test automtion regression suite" duration-ms="12000" started-at="2020-06-10T21:35:38Z" finished-at="2020-06-10T21:35:50Z">
    <groups>
    </groups>
    <test name="login page test" duration-ms="12000" started-at="2020-06-10T21:35:38Z" finished-at="2020-06-10T21:35:50Z">
      <class name="com.qa.hubspot.tests.LoginPageTest">
        <test-method status="PASS" signature="setup()[pri:0, instance:com.qa.hubspot.tests.LoginPageTest@4de025bf]" name="setup" is-config="true" duration-ms="5135" started-at="2020-06-10T21:35:38Z" finished-at="2020-06-10T21:35:43Z">
          <reporter-output>
          </reporter-output>
        </test-method> <!-- setup -->
        <test-method status="PASS" signature="verifySignUpLinkTest()[pri:1, instance:com.qa.hubspot.tests.LoginPageTest@4de025bf]" name="verifySignUpLinkTest" duration-ms="5298" started-at="2020-06-10T21:35:43Z" finished-at="2020-06-10T21:35:48Z">
          <reporter-output>
          </reporter-output>
        </test-method> <!-- verifySignUpLinkTest -->
        <test-method status="PASS" signature="verifyGetLoginPagetitleTest()[pri:2, instance:com.qa.hubspot.tests.LoginPageTest@4de025bf]" name="verifyGetLoginPagetitleTest" duration-ms="15" started-at="2020-06-10T21:35:49Z" finished-at="2020-06-10T21:35:49Z">
          <reporter-output>
          </reporter-output>
        </test-method> <!-- verifyGetLoginPagetitleTest -->
        <test-method status="PASS" signature="verifySignUpWithGoogleTest()[pri:3, instance:com.qa.hubspot.tests.LoginPageTest@4de025bf]" name="verifySignUpWithGoogleTest" duration-ms="51" started-at="2020-06-10T21:35:49Z" finished-at="2020-06-10T21:35:49Z">
          <reporter-output>
          </reporter-output>
        </test-method> <!-- verifySignUpWithGoogleTest -->
        <test-method status="PASS" signature="verifyDoLoginTest()[pri:4, instance:com.qa.hubspot.tests.LoginPageTest@4de025bf]" name="verifyDoLoginTest" duration-ms="617" started-at="2020-06-10T21:35:49Z" finished-at="2020-06-10T21:35:49Z">
          <reporter-output>
          </reporter-output>
        </test-method> <!-- verifyDoLoginTest -->
        <test-method status="PASS" signature="tearDown()[pri:0, instance:com.qa.hubspot.tests.LoginPageTest@4de025bf]" name="tearDown" is-config="true" duration-ms="613" started-at="2020-06-10T21:35:49Z" finished-at="2020-06-10T21:35:50Z">
          <reporter-output>
          </reporter-output>
        </test-method> <!-- tearDown -->
      </class> <!-- com.qa.hubspot.tests.LoginPageTest -->
    </test> <!-- login page test -->
  </suite> <!-- Hub spot Test automtion regression suite -->
</testng-results>
