<?xml version="1.0" encoding="UTF-8"?>
<!-- Generated by org.testng.reporters.JUnitXMLReporter -->
<testsuite hostname="US-BK14RF2" ignored="0" name="home page test" tests="3" failures="0" timestamp="2020-05-28T16:37:48 CDT" time="22.849" errors="0">
  <testcase name="verifyHomePageHeaderTextTest" time="3.339" classname="com.qa.hubspot.tests.HomePageTest"/>
  <testcase name="verifyHomepageTitleTest" time="0.013" classname="com.qa.hubspot.tests.HomePageTest"/>
  <testcase name="verifyLoggedInUserTest" time="5.169" classname="com.qa.hubspot.tests.HomePageTest"/>
</testsuite> <!-- home page test -->
