<?xml version="1.0" encoding="UTF-8"?>
<!-- Generated by org.testng.reporters.JUnitXMLReporter -->
<testsuite hostname="US-BK14RF2" ignored="0" name="login page test" tests="4" failures="0" timestamp="2020-06-10T10:37:24 CDT" time="13.988" errors="0">
  <testcase name="verifySignUpLinkTest" time="5.328" classname="com.qa.hubspot.tests.LoginPageTest"/>
  <testcase name="verifyGetLoginPagetitleTest" time="0.021" classname="com.qa.hubspot.tests.LoginPageTest"/>
  <testcase name="verifySignUpWithGoogleTest" time="0.076" classname="com.qa.hubspot.tests.LoginPageTest"/>
  <testcase name="verifyDoLoginTest" time="0.607" classname="com.qa.hubspot.tests.LoginPageTest"/>
</testsuite> <!-- login page test -->
